2023-11-02 07:59:14 - Neovide panicked with the message 'Focus Lost Failed: NeovimError(Some(0), "Keyboard interrupt")'. (File: src/bridge/ui_commands.rs; Line: 144, Column: 18)
   0: __mh_execute_header
   1: __mh_execute_header
   2: __mh_execute_header
   3: __mh_execute_header
   4: __mh_execute_header
   5: __mh_execute_header
   6: __mh_execute_header
   7: __mh_execute_header
   8: __mh_execute_header
   9: __mh_execute_header
  10: __mh_execute_header
  11: __mh_execute_header
  12: __mh_execute_header
  13: __mh_execute_header
  14: __mh_execute_header
  15: __pthread_joiner_wake

2023-11-02 07:59:14 - Neovide panicked with the message 'Could not setup setting notifier for cursor_animation_length: Error sending request 'nvim_command''. (File: src/error_handling.rs; Line: 5, Column: 5)
   0: __mh_execute_header
   1: __mh_execute_header
   2: __mh_execute_header
   3: __mh_execute_header
   4: __mh_execute_header
   5: __mh_execute_header
   6: __mh_execute_header
   7: __mh_execute_header
   8: __mh_execute_header
   9: __mh_execute_header
  10: __mh_execute_header
  11: __mh_execute_header
  12: __mh_execute_header
  13: __mh_execute_header
  14: __mh_execute_header
  15: __pthread_joiner_wake

2023-11-02 07:59:15 - Neovide panicked with the message 'called `Result::unwrap()` on an `Err` value: SendError { .. }'. (File: src/event_aggregator.rs; Line: 51, Column: 28)
   0: __mh_execute_header
   1: __mh_execute_header
   2: __mh_execute_header
   3: __mh_execute_header
   4: __mh_execute_header
   5: __mh_execute_header
   6: __mh_execute_header
   7: __mh_execute_header
   8: __mh_execute_header
   9: __mh_execute_header
  10: __mh_execute_header
  11: __mh_execute_header
  12: __mh_execute_header
  13: __mh_execute_header
  14: <unknown>
  15: <unknown>
  16: <unknown>
  17: <unknown>
  18: <unknown>
  19: <unknown>
  20: <unknown>
  21: <unknown>
  22: <unknown>
  23: <unknown>
  24: __mh_execute_header
  25: __mh_execute_header
  26: __mh_execute_header
  27: __mh_execute_header
  28: __mh_execute_header
  29: __mh_execute_header

